Determining if the pthread_create exist failed with the following output:
Change Dir: /home/ubuntu/tensorrt2.1/RT_inference_multiModel/build/CMakeFiles/CMakeTmp

Run Build Command:"/usr/bin/make" "cmTC_91fb2/fast"
/usr/bin/make -f CMakeFiles/cmTC_91fb2.dir/build.make CMakeFiles/cmTC_91fb2.dir/build
make[1]: Entering directory '/home/ubuntu/tensorrt2.1/RT_inference_multiModel/build/CMakeFiles/CMakeTmp'
Building C object CMakeFiles/cmTC_91fb2.dir/CheckSymbolExists.c.o
/usr/bin/cc    -fPIC    -o CMakeFiles/cmTC_91fb2.dir/CheckSymbolExists.c.o   -c /home/ubuntu/tensorrt2.1/RT_inference_multiModel/build/CMakeFiles/CMakeTmp/CheckSymbolExists.c
Linking C executable cmTC_91fb2
/usr/bin/cmake -E cmake_link_script CMakeFiles/cmTC_91fb2.dir/link.txt --verbose=1
/usr/bin/cc  -fPIC     CMakeFiles/cmTC_91fb2.dir/CheckSymbolExists.c.o  -o cmTC_91fb2 -rdynamic 
CMakeFiles/cmTC_91fb2.dir/CheckSymbolExists.c.o: In function `main':
CheckSymbolExists.c:(.text+0x1b): undefined reference to `pthread_create'
collect2: error: ld returned 1 exit status
CMakeFiles/cmTC_91fb2.dir/build.make:97: recipe for target 'cmTC_91fb2' failed
make[1]: *** [cmTC_91fb2] Error 1
make[1]: Leaving directory '/home/ubuntu/tensorrt2.1/RT_inference_multiModel/build/CMakeFiles/CMakeTmp'
Makefile:126: recipe for target 'cmTC_91fb2/fast' failed
make: *** [cmTC_91fb2/fast] Error 2

File /home/ubuntu/tensorrt2.1/RT_inference_multiModel/build/CMakeFiles/CMakeTmp/CheckSymbolExists.c:
/* */
#include <pthread.h>

int main(int argc, char** argv)
{
  (void)argv;
#ifndef pthread_create
  return ((int*)(&pthread_create))[argc];
#else
  (void)argc;
  return 0;
#endif
}

Determining if the function pthread_create exists in the pthreads failed with the following output:
Change Dir: /home/ubuntu/tensorrt2.1/RT_inference_multiModel/build/CMakeFiles/CMakeTmp

Run Build Command:"/usr/bin/make" "cmTC_a3748/fast"
/usr/bin/make -f CMakeFiles/cmTC_a3748.dir/build.make CMakeFiles/cmTC_a3748.dir/build
make[1]: Entering directory '/home/ubuntu/tensorrt2.1/RT_inference_multiModel/build/CMakeFiles/CMakeTmp'
Building C object CMakeFiles/cmTC_a3748.dir/CheckFunctionExists.c.o
/usr/bin/cc    -fPIC -DCHECK_FUNCTION_EXISTS=pthread_create   -o CMakeFiles/cmTC_a3748.dir/CheckFunctionExists.c.o   -c /usr/share/cmake-3.5/Modules/CheckFunctionExists.c
Linking C executable cmTC_a3748
/usr/bin/cmake -E cmake_link_script CMakeFiles/cmTC_a3748.dir/link.txt --verbose=1
/usr/bin/cc  -fPIC -DCHECK_FUNCTION_EXISTS=pthread_create    CMakeFiles/cmTC_a3748.dir/CheckFunctionExists.c.o  -o cmTC_a3748 -rdynamic -lpthreads 
/usr/bin/ld: cannot find -lpthreads
collect2: error: ld returned 1 exit status
CMakeFiles/cmTC_a3748.dir/build.make:97: recipe for target 'cmTC_a3748' failed
make[1]: *** [cmTC_a3748] Error 1
make[1]: Leaving directory '/home/ubuntu/tensorrt2.1/RT_inference_multiModel/build/CMakeFiles/CMakeTmp'
Makefile:126: recipe for target 'cmTC_a3748/fast' failed
make: *** [cmTC_a3748/fast] Error 2


